{"/home/brian-ngoyoni/Nyota-wear/src/components/Navbar.jsx": {"path":"/home/brian-ngoyoni/Nyota-wear/src/components/Navbar.jsx","statementMap":{"0":{"start":{"line":8,"column":10},"end":{"line":8,"column":null}},"1":{"start":{"line":9,"column":10},"end":{"line":9,"column":null}},"2":{"start":{"line":11,"column":2},"end":{"line":78,"column":null}},"3":{"start":{"line":25,"column":12},"end":{"line":25,"column":null}},"4":{"start":{"line":34,"column":12},"end":{"line":34,"column":null}},"5":{"start":{"line":43,"column":12},"end":{"line":43,"column":null}}},"fnMap":{"0":{"name":"Navbar","decl":{"start":{"line":7,"column":9},"end":{"line":7,"column":18}},"loc":{"start":{"line":7,"column":18},"end":{"line":80,"column":null}},"line":7},"1":{"name":"(anonymous_1)","decl":{"start":{"line":24,"column":10},"end":{"line":24,"column":22}},"loc":{"start":{"line":25,"column":12},"end":{"line":25,"column":null}},"line":25},"2":{"name":"(anonymous_2)","decl":{"start":{"line":33,"column":10},"end":{"line":33,"column":22}},"loc":{"start":{"line":34,"column":12},"end":{"line":34,"column":null}},"line":34},"3":{"name":"(anonymous_3)","decl":{"start":{"line":42,"column":10},"end":{"line":42,"column":22}},"loc":{"start":{"line":43,"column":12},"end":{"line":43,"column":null}},"line":43}},"branchMap":{"0":{"loc":{"start":{"line":25,"column":12},"end":{"line":25,"column":null}},"type":"cond-expr","locations":[{"start":{"line":25,"column":23},"end":{"line":25,"column":38}},{"start":{"line":25,"column":38},"end":{"line":25,"column":null}}],"line":25},"1":{"loc":{"start":{"line":34,"column":12},"end":{"line":34,"column":null}},"type":"cond-expr","locations":[{"start":{"line":34,"column":23},"end":{"line":34,"column":38}},{"start":{"line":34,"column":38},"end":{"line":34,"column":null}}],"line":34},"2":{"loc":{"start":{"line":43,"column":12},"end":{"line":43,"column":null}},"type":"cond-expr","locations":[{"start":{"line":43,"column":23},"end":{"line":43,"column":38}},{"start":{"line":43,"column":38},"end":{"line":43,"column":null}}],"line":43},"3":{"loc":{"start":{"line":56,"column":11},"end":{"line":61,"column":null}},"type":"binary-expr","locations":[{"start":{"line":56,"column":11},"end":{"line":56,"column":null}},{"start":{"line":57,"column":12},"end":{"line":61,"column":null}}],"line":56},"4":{"loc":{"start":{"line":70,"column":11},"end":{"line":75,"column":null}},"type":"binary-expr","locations":[{"start":{"line":70,"column":11},"end":{"line":70,"column":null}},{"start":{"line":71,"column":12},"end":{"line":75,"column":null}}],"line":70}},"s":{"0":1,"1":1,"2":1,"3":1,"4":1,"5":1},"f":{"0":1,"1":1,"2":1,"3":1},"b":{"0":[1,0],"1":[0,1],"2":[0,1],"3":[1,0],"4":[1,0]},"meta":{"lastBranch":5,"lastFunction":4,"lastStatement":6,"seen":{"f:7:9:7:18":0,"s:8:10:8:Infinity":0,"s:9:10:9:Infinity":1,"s:11:2:78:Infinity":2,"f:24:10:24:22":1,"s:25:12:25:Infinity":3,"b:25:23:25:38:25:38:25:Infinity":0,"f:33:10:33:22":2,"s:34:12:34:Infinity":4,"b:34:23:34:38:34:38:34:Infinity":1,"f:42:10:42:22":3,"s:43:12:43:Infinity":5,"b:43:23:43:38:43:38:43:Infinity":2,"b:56:11:56:Infinity:57:12:61:Infinity":3,"b:70:11:70:Infinity:71:12:75:Infinity":4}}}
,"/home/brian-ngoyoni/Nyota-wear/src/components/SearchBar.jsx": {"path":"/home/brian-ngoyoni/Nyota-wear/src/components/SearchBar.jsx","statementMap":{"0":{"start":{"line":2,"column":2},"end":{"line":9,"column":null}},"1":{"start":{"line":7,"column":23},"end":{"line":7,"column":null}}},"fnMap":{"0":{"name":"SearchBar","decl":{"start":{"line":1,"column":9},"end":{"line":1,"column":19}},"loc":{"start":{"line":1,"column":42},"end":{"line":11,"column":null}},"line":1},"1":{"name":"(anonymous_1)","decl":{"start":{"line":7,"column":6},"end":{"line":7,"column":17}},"loc":{"start":{"line":7,"column":23},"end":{"line":7,"column":null}},"line":7}},"branchMap":{},"s":{"0":7,"1":6},"f":{"0":7,"1":6},"b":{},"meta":{"lastBranch":0,"lastFunction":2,"lastStatement":2,"seen":{"f:1:9:1:19":0,"s:2:2:9:Infinity":0,"f:7:6:7:17":1,"s:7:23:7:Infinity":1}}}
,"/home/brian-ngoyoni/Nyota-wear/src/context/CartContext.jsx": {"path":"/home/brian-ngoyoni/Nyota-wear/src/context/CartContext.jsx","statementMap":{"0":{"start":{"line":8,"column":6},"end":{"line":8,"column":null}},"1":{"start":{"line":12,"column":0},"end":{"line":16,"column":null}},"2":{"start":{"line":13,"column":0},"end":{"line":13,"column":null}},"3":{"start":{"line":15,"column":0},"end":{"line":15,"column":null}},"4":{"start":{"line":20,"column":18},"end":{"line":23,"column":null}},"5":{"start":{"line":21,"column":14},"end":{"line":21,"column":null}},"6":{"start":{"line":22,"column":0},"end":{"line":22,"column":null}},"7":{"start":{"line":26,"column":0},"end":{"line":31,"column":null}},"8":{"start":{"line":27,"column":0},"end":{"line":30,"column":null}},"9":{"start":{"line":35,"column":0},"end":{"line":58,"column":null}},"10":{"start":{"line":36,"column":17},"end":{"line":38,"column":null}},"11":{"start":{"line":37,"column":10},"end":{"line":37,"column":null}},"12":{"start":{"line":40,"column":0},"end":{"line":49,"column":null}},"13":{"start":{"line":41,"column":0},"end":{"line":48,"column":null}},"14":{"start":{"line":42,"column":0},"end":{"line":47,"column":null}},"15":{"start":{"line":51,"column":0},"end":{"line":57,"column":null}},"16":{"start":{"line":63,"column":0},"end":{"line":65,"column":null}},"17":{"start":{"line":64,"column":0},"end":{"line":64,"column":null}},"18":{"start":{"line":64,"column":22},"end":{"line":64,"column":36}},"19":{"start":{"line":70,"column":0},"end":{"line":70,"column":null}},"20":{"start":{"line":74,"column":19},"end":{"line":77,"column":null}},"21":{"start":{"line":75,"column":15},"end":{"line":75,"column":null}},"22":{"start":{"line":80,"column":19},"end":{"line":84,"column":null}},"23":{"start":{"line":82,"column":0},"end":{"line":82,"column":null}},"24":{"start":{"line":86,"column":0},"end":{"line":98,"column":null}},"25":{"start":{"line":103,"column":0},"end":{"line":103,"column":null}}},"fnMap":{"0":{"name":"safeParse","decl":{"start":{"line":11,"column":9},"end":{"line":11,"column":19}},"loc":{"start":{"line":11,"column":25},"end":{"line":17,"column":null}},"line":11},"1":{"name":"CartProvider","decl":{"start":{"line":19,"column":16},"end":{"line":19,"column":29}},"loc":{"start":{"line":19,"column":43},"end":{"line":100,"column":null}},"line":19},"2":{"name":"(anonymous_2)","decl":{"start":{"line":20,"column":34},"end":{"line":20,"column":49}},"loc":{"start":{"line":20,"column":49},"end":{"line":23,"column":1}},"line":20},"3":{"name":"(anonymous_3)","decl":{"start":{"line":26,"column":0},"end":{"line":26,"column":16}},"loc":{"start":{"line":26,"column":16},"end":{"line":31,"column":3}},"line":26},"4":{"name":"addToCart","decl":{"start":{"line":34,"column":9},"end":{"line":34,"column":19}},"loc":{"start":{"line":34,"column":28},"end":{"line":59,"column":null}},"line":34},"5":{"name":"(anonymous_5)","decl":{"start":{"line":35,"column":0},"end":{"line":35,"column":14}},"loc":{"start":{"line":35,"column":23},"end":{"line":58,"column":1}},"line":35},"6":{"name":"(anonymous_6)","decl":{"start":{"line":36,"column":22},"end":{"line":36,"column":null}},"loc":{"start":{"line":37,"column":10},"end":{"line":37,"column":null}},"line":37},"7":{"name":"(anonymous_7)","decl":{"start":{"line":41,"column":12},"end":{"line":41,"column":17}},"loc":{"start":{"line":42,"column":0},"end":{"line":47,"column":null}},"line":42},"8":{"name":"removeFromCart","decl":{"start":{"line":62,"column":9},"end":{"line":62,"column":24}},"loc":{"start":{"line":62,"column":28},"end":{"line":66,"column":null}},"line":62},"9":{"name":"(anonymous_9)","decl":{"start":{"line":63,"column":0},"end":{"line":63,"column":14}},"loc":{"start":{"line":64,"column":0},"end":{"line":64,"column":null}},"line":64},"10":{"name":"(anonymous_10)","decl":{"start":{"line":64,"column":5},"end":{"line":64,"column":13}},"loc":{"start":{"line":64,"column":22},"end":{"line":64,"column":36}},"line":64},"11":{"name":"clearCart","decl":{"start":{"line":69,"column":9},"end":{"line":69,"column":21}},"loc":{"start":{"line":69,"column":21},"end":{"line":71,"column":null}},"line":69},"12":{"name":"(anonymous_12)","decl":{"start":{"line":74,"column":29},"end":{"line":74,"column":null}},"loc":{"start":{"line":75,"column":15},"end":{"line":75,"column":null}},"line":75},"13":{"name":"(anonymous_13)","decl":{"start":{"line":80,"column":29},"end":{"line":80,"column":null}},"loc":{"start":{"line":82,"column":0},"end":{"line":82,"column":null}},"line":82},"14":{"name":"useCart","decl":{"start":{"line":102,"column":16},"end":{"line":102,"column":26}},"loc":{"start":{"line":102,"column":26},"end":{"line":104,"column":null}},"line":102}},"branchMap":{"0":{"loc":{"start":{"line":13,"column":7},"end":{"line":13,"column":null}},"type":"cond-expr","locations":[{"start":{"line":13,"column":14},"end":{"line":13,"column":33}},{"start":{"line":13,"column":33},"end":{"line":13,"column":null}}],"line":13},"1":{"loc":{"start":{"line":40,"column":0},"end":{"line":49,"column":null}},"type":"if","locations":[{"start":{"line":40,"column":0},"end":{"line":49,"column":null}},{"start":{},"end":{}}],"line":40},"2":{"loc":{"start":{"line":42,"column":0},"end":{"line":47,"column":null}},"type":"cond-expr","locations":[{"start":{"line":43,"column":2},"end":{"line":46,"column":null}},{"start":{"line":47,"column":2},"end":{"line":47,"column":null}}],"line":42}},"s":{"0":2,"1":2,"2":2,"3":0,"4":3,"5":2,"6":2,"7":3,"8":3,"9":1,"10":1,"11":0,"12":1,"13":0,"14":0,"15":1,"16":0,"17":0,"18":0,"19":0,"20":3,"21":1,"22":3,"23":1,"24":3,"25":3},"f":{"0":2,"1":3,"2":2,"3":3,"4":1,"5":1,"6":0,"7":0,"8":0,"9":0,"10":0,"11":0,"12":1,"13":1,"14":3},"b":{"0":[0,2],"1":[0,1],"2":[0,0]},"meta":{"lastBranch":3,"lastFunction":15,"lastStatement":26,"seen":{"s:8:6:8:Infinity":0,"f:11:9:11:19":0,"s:12:0:16:Infinity":1,"s:13:0:13:Infinity":2,"b:13:14:13:33:13:33:13:Infinity":0,"s:15:0:15:Infinity":3,"f:19:16:19:29":1,"s:20:18:23:Infinity":4,"f:20:34:20:49":2,"s:21:14:21:Infinity":5,"s:22:0:22:Infinity":6,"s:26:0:31:Infinity":7,"f:26:0:26:16":3,"s:27:0:30:Infinity":8,"f:34:9:34:19":4,"s:35:0:58:Infinity":9,"f:35:0:35:14":5,"s:36:17:38:Infinity":10,"f:36:22:36:Infinity":6,"s:37:10:37:Infinity":11,"b:40:0:49:Infinity:undefined:undefined:undefined:undefined":1,"s:40:0:49:Infinity":12,"s:41:0:48:Infinity":13,"f:41:12:41:17":7,"s:42:0:47:Infinity":14,"b:43:2:46:Infinity:47:2:47:Infinity":2,"s:51:0:57:Infinity":15,"f:62:9:62:24":8,"s:63:0:65:Infinity":16,"f:63:0:63:14":9,"s:64:0:64:Infinity":17,"f:64:5:64:13":10,"s:64:22:64:36":18,"f:69:9:69:21":11,"s:70:0:70:Infinity":19,"s:74:19:77:Infinity":20,"f:74:29:74:Infinity":12,"s:75:15:75:Infinity":21,"s:80:19:84:Infinity":22,"f:80:29:80:Infinity":13,"s:82:0:82:Infinity":23,"s:86:0:98:Infinity":24,"f:102:16:102:26":14,"s:103:0:103:Infinity":25}}}
,"/home/brian-ngoyoni/Nyota-wear/src/context/WishlistContext.jsx": {"path":"/home/brian-ngoyoni/Nyota-wear/src/context/WishlistContext.jsx","statementMap":{"0":{"start":{"line":8,"column":6},"end":{"line":8,"column":null}},"1":{"start":{"line":11,"column":19},"end":{"line":14,"column":null}},"2":{"start":{"line":12,"column":18},"end":{"line":12,"column":null}},"3":{"start":{"line":13,"column":4},"end":{"line":13,"column":null}},"4":{"start":{"line":17,"column":2},"end":{"line":22,"column":null}},"5":{"start":{"line":18,"column":4},"end":{"line":21,"column":null}},"6":{"start":{"line":26,"column":4},"end":{"line":40,"column":null}},"7":{"start":{"line":27,"column":21},"end":{"line":29,"column":null}},"8":{"start":{"line":28,"column":18},"end":{"line":28,"column":null}},"9":{"start":{"line":32,"column":6},"end":{"line":36,"column":null}},"10":{"start":{"line":33,"column":8},"end":{"line":35,"column":null}},"11":{"start":{"line":34,"column":20},"end":{"line":34,"column":null}},"12":{"start":{"line":39,"column":6},"end":{"line":39,"column":null}},"13":{"start":{"line":45,"column":4},"end":{"line":47,"column":null}},"14":{"start":{"line":46,"column":16},"end":{"line":46,"column":null}},"15":{"start":{"line":52,"column":4},"end":{"line":54,"column":null}},"16":{"start":{"line":53,"column":6},"end":{"line":53,"column":null}},"17":{"start":{"line":53,"column":28},"end":{"line":53,"column":42}},"18":{"start":{"line":59,"column":4},"end":{"line":59,"column":null}},"19":{"start":{"line":63,"column":24},"end":{"line":63,"column":null}},"20":{"start":{"line":65,"column":2},"end":{"line":77,"column":null}},"21":{"start":{"line":82,"column":2},"end":{"line":82,"column":null}}},"fnMap":{"0":{"name":"WishlistProvider","decl":{"start":{"line":10,"column":16},"end":{"line":10,"column":33}},"loc":{"start":{"line":10,"column":47},"end":{"line":79,"column":null}},"line":10},"1":{"name":"(anonymous_1)","decl":{"start":{"line":11,"column":34},"end":{"line":11,"column":49}},"loc":{"start":{"line":11,"column":49},"end":{"line":14,"column":3}},"line":11},"2":{"name":"(anonymous_2)","decl":{"start":{"line":17,"column":2},"end":{"line":17,"column":18}},"loc":{"start":{"line":17,"column":18},"end":{"line":22,"column":5}},"line":17},"3":{"name":"toggleWishlist","decl":{"start":{"line":25,"column":11},"end":{"line":25,"column":26}},"loc":{"start":{"line":25,"column":35},"end":{"line":41,"column":null}},"line":25},"4":{"name":"(anonymous_4)","decl":{"start":{"line":26,"column":4},"end":{"line":26,"column":17}},"loc":{"start":{"line":26,"column":26},"end":{"line":40,"column":5}},"line":26},"5":{"name":"(anonymous_5)","decl":{"start":{"line":27,"column":26},"end":{"line":27,"column":null}},"loc":{"start":{"line":28,"column":18},"end":{"line":28,"column":null}},"line":28},"6":{"name":"(anonymous_6)","decl":{"start":{"line":33,"column":20},"end":{"line":33,"column":null}},"loc":{"start":{"line":34,"column":20},"end":{"line":34,"column":null}},"line":34},"7":{"name":"isWishlisted","decl":{"start":{"line":44,"column":11},"end":{"line":44,"column":24}},"loc":{"start":{"line":44,"column":28},"end":{"line":48,"column":null}},"line":44},"8":{"name":"(anonymous_8)","decl":{"start":{"line":45,"column":20},"end":{"line":45,"column":null}},"loc":{"start":{"line":46,"column":16},"end":{"line":46,"column":null}},"line":46},"9":{"name":"removeFromWishlist","decl":{"start":{"line":51,"column":11},"end":{"line":51,"column":30}},"loc":{"start":{"line":51,"column":34},"end":{"line":55,"column":null}},"line":51},"10":{"name":"(anonymous_10)","decl":{"start":{"line":52,"column":4},"end":{"line":52,"column":17}},"loc":{"start":{"line":53,"column":6},"end":{"line":53,"column":null}},"line":53},"11":{"name":"(anonymous_11)","decl":{"start":{"line":53,"column":11},"end":{"line":53,"column":19}},"loc":{"start":{"line":53,"column":28},"end":{"line":53,"column":42}},"line":53},"12":{"name":"clearWishlist","decl":{"start":{"line":58,"column":11},"end":{"line":58,"column":27}},"loc":{"start":{"line":58,"column":27},"end":{"line":60,"column":null}},"line":58},"13":{"name":"useWishlist","decl":{"start":{"line":81,"column":16},"end":{"line":81,"column":30}},"loc":{"start":{"line":81,"column":30},"end":{"line":83,"column":null}},"line":81}},"branchMap":{"0":{"loc":{"start":{"line":13,"column":11},"end":{"line":13,"column":null}},"type":"cond-expr","locations":[{"start":{"line":13,"column":19},"end":{"line":13,"column":39}},{"start":{"line":13,"column":39},"end":{"line":13,"column":null}}],"line":13},"1":{"loc":{"start":{"line":32,"column":6},"end":{"line":36,"column":null}},"type":"if","locations":[{"start":{"line":32,"column":6},"end":{"line":36,"column":null}},{"start":{},"end":{}}],"line":32}},"s":{"0":1,"1":1,"2":1,"3":1,"4":1,"5":1,"6":0,"7":0,"8":0,"9":0,"10":0,"11":0,"12":0,"13":0,"14":0,"15":0,"16":0,"17":0,"18":0,"19":1,"20":1,"21":1},"f":{"0":1,"1":1,"2":1,"3":0,"4":0,"5":0,"6":0,"7":0,"8":0,"9":0,"10":0,"11":0,"12":0,"13":1},"b":{"0":[0,1],"1":[0,0]},"meta":{"lastBranch":2,"lastFunction":14,"lastStatement":22,"seen":{"s:8:6:8:Infinity":0,"f:10:16:10:33":0,"s:11:19:14:Infinity":1,"f:11:34:11:49":1,"s:12:18:12:Infinity":2,"s:13:4:13:Infinity":3,"b:13:19:13:39:13:39:13:Infinity":0,"s:17:2:22:Infinity":4,"f:17:2:17:18":2,"s:18:4:21:Infinity":5,"f:25:11:25:26":3,"s:26:4:40:Infinity":6,"f:26:4:26:17":4,"s:27:21:29:Infinity":7,"f:27:26:27:Infinity":5,"s:28:18:28:Infinity":8,"b:32:6:36:Infinity:undefined:undefined:undefined:undefined":1,"s:32:6:36:Infinity":9,"s:33:8:35:Infinity":10,"f:33:20:33:Infinity":6,"s:34:20:34:Infinity":11,"s:39:6:39:Infinity":12,"f:44:11:44:24":7,"s:45:4:47:Infinity":13,"f:45:20:45:Infinity":8,"s:46:16:46:Infinity":14,"f:51:11:51:30":9,"s:52:4:54:Infinity":15,"f:52:4:52:17":10,"s:53:6:53:Infinity":16,"f:53:11:53:19":11,"s:53:28:53:42":17,"f:58:11:58:27":12,"s:59:4:59:Infinity":18,"s:63:24:63:Infinity":19,"s:65:2:77:Infinity":20,"f:81:16:81:30":13,"s:82:2:82:Infinity":21}}}
,"/home/brian-ngoyoni/Nyota-wear/src/services/api.js": {"path":"/home/brian-ngoyoni/Nyota-wear/src/services/api.js","statementMap":{"0":{"start":{"line":1,"column":17},"end":{"line":1,"column":null}},"1":{"start":{"line":3,"column":21},"end":{"line":3,"column":null}},"2":{"start":{"line":4,"column":23},"end":{"line":4,"column":null}},"3":{"start":{"line":5,"column":19},"end":{"line":5,"column":null}},"4":{"start":{"line":11,"column":2},"end":{"line":35,"column":null}},"5":{"start":{"line":12,"column":21},"end":{"line":12,"column":null}},"6":{"start":{"line":15,"column":4},"end":{"line":23,"column":null}},"7":{"start":{"line":16,"column":24},"end":{"line":16,"column":null}},"8":{"start":{"line":16,"column":58},"end":{"line":16,"column":62}},"9":{"start":{"line":18,"column":6},"end":{"line":18,"column":null}},"10":{"start":{"line":20,"column":6},"end":{"line":22,"column":null}},"11":{"start":{"line":26,"column":4},"end":{"line":28,"column":null}},"12":{"start":{"line":27,"column":6},"end":{"line":27,"column":null}},"13":{"start":{"line":30,"column":17},"end":{"line":30,"column":null}},"14":{"start":{"line":31,"column":4},"end":{"line":31,"column":null}},"15":{"start":{"line":33,"column":4},"end":{"line":33,"column":null}},"16":{"start":{"line":34,"column":4},"end":{"line":34,"column":null}},"17":{"start":{"line":44,"column":15},"end":{"line":44,"column":null}},"18":{"start":{"line":45,"column":2},"end":{"line":45,"column":null}},"19":{"start":{"line":50,"column":2},"end":{"line":50,"column":null}},"20":{"start":{"line":55,"column":2},"end":{"line":61,"column":null}},"21":{"start":{"line":66,"column":2},"end":{"line":68,"column":null}},"22":{"start":{"line":70,"column":2},"end":{"line":70,"column":null}},"23":{"start":{"line":75,"column":2},"end":{"line":81,"column":null}},"24":{"start":{"line":90,"column":15},"end":{"line":90,"column":null}},"25":{"start":{"line":91,"column":2},"end":{"line":91,"column":null}},"26":{"start":{"line":96,"column":2},"end":{"line":102,"column":null}},"27":{"start":{"line":107,"column":2},"end":{"line":110,"column":null}},"28":{"start":{"line":112,"column":2},"end":{"line":112,"column":null}},"29":{"start":{"line":119,"column":15},"end":{"line":119,"column":null}},"30":{"start":{"line":120,"column":2},"end":{"line":120,"column":null}},"31":{"start":{"line":125,"column":2},"end":{"line":131,"column":null}}},"fnMap":{"0":{"name":"handleRequest","decl":{"start":{"line":10,"column":15},"end":{"line":10,"column":29}},"loc":{"start":{"line":10,"column":66},"end":{"line":36,"column":null}},"line":10},"1":{"name":"(anonymous_1)","decl":{"start":{"line":16,"column":46},"end":{"line":16,"column":58}},"loc":{"start":{"line":16,"column":58},"end":{"line":16,"column":62}},"line":16},"2":{"name":"getProducts","decl":{"start":{"line":43,"column":22},"end":{"line":43,"column":36}},"loc":{"start":{"line":43,"column":36},"end":{"line":46,"column":null}},"line":43},"3":{"name":"getProduct","decl":{"start":{"line":49,"column":22},"end":{"line":49,"column":33}},"loc":{"start":{"line":49,"column":37},"end":{"line":51,"column":null}},"line":49},"4":{"name":"addProduct","decl":{"start":{"line":54,"column":22},"end":{"line":54,"column":33}},"loc":{"start":{"line":54,"column":42},"end":{"line":62,"column":null}},"line":54},"5":{"name":"deleteProduct","decl":{"start":{"line":65,"column":22},"end":{"line":65,"column":36}},"loc":{"start":{"line":65,"column":40},"end":{"line":71,"column":null}},"line":65},"6":{"name":"updateProduct","decl":{"start":{"line":74,"column":22},"end":{"line":74,"column":36}},"loc":{"start":{"line":74,"column":46},"end":{"line":82,"column":null}},"line":74},"7":{"name":"getCategories","decl":{"start":{"line":89,"column":22},"end":{"line":89,"column":38}},"loc":{"start":{"line":89,"column":38},"end":{"line":92,"column":null}},"line":89},"8":{"name":"addCategory","decl":{"start":{"line":95,"column":22},"end":{"line":95,"column":34}},"loc":{"start":{"line":95,"column":44},"end":{"line":103,"column":null}},"line":95},"9":{"name":"deleteCategory","decl":{"start":{"line":106,"column":22},"end":{"line":106,"column":37}},"loc":{"start":{"line":106,"column":41},"end":{"line":113,"column":null}},"line":106},"10":{"name":"getOrders","decl":{"start":{"line":118,"column":22},"end":{"line":118,"column":34}},"loc":{"start":{"line":118,"column":34},"end":{"line":121,"column":null}},"line":118},"11":{"name":"createOrder","decl":{"start":{"line":124,"column":22},"end":{"line":124,"column":34}},"loc":{"start":{"line":124,"column":41},"end":{"line":132,"column":null}},"line":124}},"branchMap":{"0":{"loc":{"start":{"line":10,"column":38},"end":{"line":10,"column":66}},"type":"default-arg","locations":[{"start":{"line":10,"column":62},"end":{"line":10,"column":66}}],"line":10},"1":{"loc":{"start":{"line":10,"column":40},"end":{"line":10,"column":62}},"type":"default-arg","locations":[{"start":{"line":10,"column":53},"end":{"line":10,"column":62}}],"line":10},"2":{"loc":{"start":{"line":15,"column":4},"end":{"line":23,"column":null}},"type":"if","locations":[{"start":{"line":15,"column":4},"end":{"line":23,"column":null}},{"start":{},"end":{}}],"line":15},"3":{"loc":{"start":{"line":21,"column":8},"end":{"line":21,"column":null}},"type":"binary-expr","locations":[{"start":{"line":21,"column":8},"end":{"line":21,"column":21}},{"start":{"line":21,"column":21},"end":{"line":21,"column":null}}],"line":21},"4":{"loc":{"start":{"line":26,"column":4},"end":{"line":28,"column":null}},"type":"if","locations":[{"start":{"line":26,"column":4},"end":{"line":28,"column":null}},{"start":{},"end":{}}],"line":26},"5":{"loc":{"start":{"line":26,"column":8},"end":{"line":26,"column":48}},"type":"binary-expr","locations":[{"start":{"line":26,"column":8},"end":{"line":26,"column":23}},{"start":{"line":26,"column":23},"end":{"line":26,"column":48}}],"line":26},"6":{"loc":{"start":{"line":45,"column":9},"end":{"line":45,"column":null}},"type":"cond-expr","locations":[{"start":{"line":45,"column":31},"end":{"line":45,"column":38}},{"start":{"line":45,"column":38},"end":{"line":45,"column":null}}],"line":45},"7":{"loc":{"start":{"line":91,"column":9},"end":{"line":91,"column":null}},"type":"cond-expr","locations":[{"start":{"line":91,"column":31},"end":{"line":91,"column":38}},{"start":{"line":91,"column":38},"end":{"line":91,"column":null}}],"line":91},"8":{"loc":{"start":{"line":120,"column":9},"end":{"line":120,"column":null}},"type":"cond-expr","locations":[{"start":{"line":120,"column":31},"end":{"line":120,"column":38}},{"start":{"line":120,"column":38},"end":{"line":120,"column":null}}],"line":120}},"s":{"0":1,"1":1,"2":1,"3":1,"4":4,"5":4,"6":4,"7":0,"8":0,"9":0,"10":0,"11":4,"12":1,"13":3,"14":3,"15":0,"16":0,"17":1,"18":1,"19":0,"20":1,"21":1,"22":1,"23":1,"24":0,"25":0,"26":0,"27":0,"28":0,"29":0,"30":0,"31":0},"f":{"0":4,"1":0,"2":1,"3":0,"4":1,"5":1,"6":1,"7":0,"8":0,"9":0,"10":0,"11":0},"b":{"0":[4],"1":[4],"2":[0,4],"3":[0,0],"4":[1,3],"5":[4,3],"6":[1,0],"7":[0,0],"8":[0,0]},"meta":{"lastBranch":9,"lastFunction":12,"lastStatement":32,"seen":{"s:1:17:1:Infinity":0,"s:3:21:3:Infinity":1,"s:4:23:4:Infinity":2,"s:5:19:5:Infinity":3,"f:10:15:10:29":0,"b:10:62:10:66":0,"b:10:53:10:62":1,"s:11:2:35:Infinity":4,"s:12:21:12:Infinity":5,"b:15:4:23:Infinity:undefined:undefined:undefined:undefined":2,"s:15:4:23:Infinity":6,"s:16:24:16:Infinity":7,"f:16:46:16:58":1,"s:16:58:16:62":8,"s:18:6:18:Infinity":9,"s:20:6:22:Infinity":10,"b:21:8:21:21:21:21:21:Infinity":3,"b:26:4:28:Infinity:undefined:undefined:undefined:undefined":4,"s:26:4:28:Infinity":11,"b:26:8:26:23:26:23:26:48":5,"s:27:6:27:Infinity":12,"s:30:17:30:Infinity":13,"s:31:4:31:Infinity":14,"s:33:4:33:Infinity":15,"s:34:4:34:Infinity":16,"f:43:22:43:36":2,"s:44:15:44:Infinity":17,"s:45:2:45:Infinity":18,"b:45:31:45:38:45:38:45:Infinity":6,"f:49:22:49:33":3,"s:50:2:50:Infinity":19,"f:54:22:54:33":4,"s:55:2:61:Infinity":20,"f:65:22:65:36":5,"s:66:2:68:Infinity":21,"s:70:2:70:Infinity":22,"f:74:22:74:36":6,"s:75:2:81:Infinity":23,"f:89:22:89:38":7,"s:90:15:90:Infinity":24,"s:91:2:91:Infinity":25,"b:91:31:91:38:91:38:91:Infinity":7,"f:95:22:95:34":8,"s:96:2:102:Infinity":26,"f:106:22:106:37":9,"s:107:2:110:Infinity":27,"s:112:2:112:Infinity":28,"f:118:22:118:34":10,"s:119:15:119:Infinity":29,"s:120:2:120:Infinity":30,"b:120:31:120:38:120:38:120:Infinity":8,"f:124:22:124:34":11,"s:125:2:131:Infinity":31}}}
}
